<?xml version="1.0" encoding="UTF-8"?>
<!-- Generated by org.testng.reporters.JUnitReportReporter -->
<testsuite hostname="DESKTOP-CMDFSNH" failures="0" tests="2" name="DataProviders.UsingDataProviders" time="0.009" errors="0" timestamp="2025-07-16T13:42:34 IST" skipped="0">
  <testcase classname="DataProviders.UsingDataProviders" name="Test" time="0.002"/>
  <testcase classname="DataProviders.UsingDataProviders" name="Test" time="0.007"/>
</testsuite> <!-- DataProviders.UsingDataProviders -->
