<?xml version="1.0" encoding="UTF-8"?>
<!-- Generated by org.testng.reporters.JUnitReportReporter -->
<testsuite hostname="DESKTOP-CMDFSNH" failures="0" tests="2" name="TestNG_Implimentation.LaunchSwiggy" time="51.854" errors="0" timestamp="2025-07-14T15:22:11 IST" skipped="0">
  <testcase classname="TestNG_Implimentation.LaunchSwiggy" name="fbTest" time="22.651"/>
  <testcase classname="TestNG_Implimentation.LaunchSwiggy" name="fbTest" time="29.203"/>
</testsuite> <!-- TestNG_Implimentation.LaunchSwiggy -->
