<?xml version="1.0" encoding="UTF-8"?>
<!-- Generated by org.testng.reporters.JUnitReportReporter -->
<testsuite hostname="DESKTOP-CMDFSNH" failures="0" tests="2" name="TestNG_Implimentation.LaunchFlipkart" time="16.743" errors="0" timestamp="2025-07-14T15:22:11 IST" skipped="0">
  <testcase classname="TestNG_Implimentation.LaunchFlipkart" name="fbTest" time="8.613"/>
  <testcase classname="TestNG_Implimentation.LaunchFlipkart" name="fbTest" time="8.130"/>
</testsuite> <!-- TestNG_Implimentation.LaunchFlipkart -->
