<?xml version="1.0" encoding="UTF-8"?>
<!-- Generated by org.testng.reporters.JUnitReportReporter -->
<testsuite hostname="DESKTOP-CMDFSNH" failures="0" tests="2" name="UsingAnnotations.UsingBaseClass" time="0.012" errors="0" timestamp="2025-07-16T15:02:21 IST" skipped="0">
  <testcase classname="UsingAnnotations.UsingBaseClass" name="demo" time="0.008"/>
  <testcase classname="UsingAnnotations.UsingBaseClass" name="demo2" time="0.004"/>
</testsuite> <!-- UsingAnnotations.UsingBaseClass -->
